[35m[Appium][39m Welcome to Appium v1.22.3
[35m[Appium][39m Non-default server args:
[35m[Appium][39m   port: 54725
[35m[Appium][39m   loglevel: info
[35m[Appium][39m   tmpDir: C:\Users\0517\AppData\Local\Temp\\Katalon\Appium\Temp1706339555377
[35m[Appium][39m Appium REST http interface listener started on 0.0.0.0:54725
[35m[HTTP][39m [37m-->[39m [37mGET[39m [37m/wd/hub/status[39m
[35m[HTTP][39m [90m{}[39m
[35m[HTTP][39m [37m<-- GET /wd/hub/status [39m[32m200[39m [90m8 ms - 68[39m
[35m[HTTP][39m [90m[39m
[35m[HTTP][39m [37m-->[39m [37mPOST[39m [37m/wd/hub/session[39m
[35m[HTTP][39m [90m{"desiredCapabilities":{"app":"C:\\Users\\0517\\Downloads\\KAF MMA UAT v10.apk","noReset":false,"newCommandTimeout":1800,"platformVersion":"12","automationName":"uiautomator2","autoGrantPermissions":true,"platformName":"Android","udid":"192.168.96.102:5555","deviceName":"Genymobile Galaxy S10 (Android 12)","fullReset":true,"systemPort":54724},"capabilities":{"firstMatch":[{"appium:app":"C:\\Users\\0517\\Downloads\\KAF MMA UAT v10.apk","appium:autoGrantPermissions":true,"appium:automationName":"uiautomator2","appium:deviceName":"Genymobile Galaxy S10 (Android 12)","appium:fullReset":true,"appium:newCommandTimeout":1800,"appium:noReset":false,"platformName":"android","appium:platformVersion":"12","appium:systemPort":54724,"appium:udid":"192.168.96.102:5555"}]}}[39m
[35m[Appium][39m Appium v1.22.3 creating new AndroidUiautomator2Driver (v1.70.1) session
[35m[BaseDriver][39m Session created with session id: 21729475-6cef-4c04-adc3-d221d9443c87
[35m[BaseDriver][39m Using local app 'C:\Users\0517\Downloads\KAF MMA UAT v10.apk'
[35m[ADB][39m Found 1 'build-tools' folders under 'C:\Users\0517\.katalon\tools\android_sdk' (newest first):
[35m[ADB][39m     C:/Users/0517/.katalon/tools/android_sdk/build-tools/29.0.3
[35m[ADB][39m Using 'adb.exe' from 'C:\Users\0517\.katalon\tools\android_sdk\platform-tools\adb.exe'
[35m[AndroidDriver][39m Retrieving device list
[35m[AndroidDriver][39m Using device: 192.168.96.102:5555
[35m[ADB][39m Using 'adb.exe' from 'C:\Users\0517\.katalon\tools\android_sdk\platform-tools\adb.exe'
[35m[ADB][39m Getting device platform version
[35m[UiAutomator2][39m Relaxing hidden api policy
[35m[ADB][39m Package name: 'id.indocyber.kaf.mma'
[35m[ADB][39m Main activity name: 'id.indocyber.kaf.mma.MainActivity'
[35m[ADB][39m Using 'apksigner.jar' from 'C:\Users\0517\.katalon\tools\android_sdk\build-tools\29.0.3\lib\apksigner.jar'
[35m[ADB][39m 'C:\Users\0517\AppData\Roaming\npm\node_modules\appium\node_modules\appium-uiautomator2-server\apks\appium-uiautomator2-server-v4.27.0.apk' is signed with the default certificate
[35m[ADB][39m 'C:\Users\0517\AppData\Roaming\npm\node_modules\appium\node_modules\appium-uiautomator2-server\apks\appium-uiautomator2-server-debug-androidTest.apk' is signed with the default certificate
[35m[UiAutomator2][39m Server packages are not going to be (re)installed
[35m[ADB][39m Adding packages ["io.appium.settings","io.appium.uiautomator2.server","io.appium.uiautomator2.server.test"] to Doze whitelist
[35m[ADB][39m 'C:\Users\0517\Downloads\KAF MMA UAT v10.apk' is signed with a non-default certificate
[35m[ADB][39m id.indocyber.kaf.mma was successfully uninstalled
[35m[ADB][39m The application at 'C:\Users\0517\Downloads\KAF MMA UAT v10.apk' will not be cached, because the device under test has confirmed the support of streamed installs
[35m[ADB][39m The installation of 'KAF MMA UAT v10.apk' took 2972ms
[35m[UiAutomator2][39m Starting UIAutomator2 server 4.27.0
[35m[UiAutomator2][39m Using UIAutomator2 server from 'C:\Users\0517\AppData\Roaming\npm\node_modules\appium\node_modules\appium-uiautomator2-server\apks\appium-uiautomator2-server-v4.27.0.apk' and test from 'C:\Users\0517\AppData\Roaming\npm\node_modules\appium\node_modules\appium-uiautomator2-server\apks\appium-uiautomator2-server-debug-androidTest.apk'
[35m[UiAutomator2][39m Waiting up to 30000ms for UiAutomator2 to be online...
[35m[WD Proxy][39m socket hang up
[35m[WD Proxy][39m socket hang up
[35m[WD Proxy][39m socket hang up
[35m[WD Proxy][39m Determined the downstream protocol as 'W3C'
[35m[AndroidDriver][39m Screen already unlocked, doing nothing
[35m[UiAutomator2][39m Starting 'id.indocyber.kaf.mma/id.indocyber.kaf.mma.MainActivity and waiting for 'id.indocyber.kaf.mma/id.indocyber.kaf.mma.MainActivity'
[35m[Appium][39m New AndroidUiautomator2Driver session created successfully, session 21729475-6cef-4c04-adc3-d221d9443c87 added to master session list
[35m[HTTP][39m [37m<-- POST /wd/hub/session [39m[32m200[39m [90m19576 ms - 1219[39m
[35m[HTTP][39m [90m[39m
[35m[HTTP][39m [37m-->[39m [37mGET[39m [37m/wd/hub/session/21729475-6cef-4c04-adc3-d221d9443c87[39m
[35m[HTTP][39m [90m{}[39m
[35m[HTTP][39m [37m<-- GET /wd/hub/session/21729475-6cef-4c04-adc3-d221d9443c87 [39m[32m200[39m [90m42 ms - 1173[39m
[35m[HTTP][39m [90m[39m
[35m[HTTP][39m [37m-->[39m [37mGET[39m [37m/wd/hub/session/21729475-6cef-4c04-adc3-d221d9443c87[39m
[35m[HTTP][39m [90m{}[39m
[35m[HTTP][39m [37m<-- GET /wd/hub/session/21729475-6cef-4c04-adc3-d221d9443c87 [39m[32m200[39m [90m26 ms - 1173[39m
[35m[HTTP][39m [90m[39m
[35m[HTTP][39m [37m-->[39m [37mGET[39m [37m/wd/hub/status[39m
[35m[HTTP][39m [90m{}[39m
[35m[HTTP][39m [37m<-- GET /wd/hub/status [39m[32m200[39m [90m1 ms - 68[39m
[35m[HTTP][39m [90m[39m
[35m[HTTP][39m [37m-->[39m [37mPOST[39m [37m/wd/hub/session/21729475-6cef-4c04-adc3-d221d9443c87/timeouts[39m
[35m[HTTP][39m [90m{"implicit":30000}[39m
[35m[HTTP][39m [37m<-- POST /wd/hub/session/21729475-6cef-4c04-adc3-d221d9443c87/timeouts [39m[32m200[39m [90m3 ms - 14[39m
[35m[HTTP][39m [90m[39m
[35m[HTTP][39m [37m-->[39m [37mGET[39m [37m/wd/hub/session/21729475-6cef-4c04-adc3-d221d9443c87/appium/device/system_bars[39m
[35m[HTTP][39m [90m{}[39m
[35m[HTTP][39m [37m<-- GET /wd/hub/session/21729475-6cef-4c04-adc3-d221d9443c87/appium/device/system_bars [39m[32m200[39m [90m113 ms - 145[39m
[35m[HTTP][39m [90m[39m
[35m[HTTP][39m [37m-->[39m [37mPOST[39m [37m/wd/hub/session/21729475-6cef-4c04-adc3-d221d9443c87/execute/sync[39m
[35m[HTTP][39m [90m{"script":"mobile:viewportRect","args":[]}[39m
[35m[AndroidDriver][39m Executing native command 'mobile:viewportRect'
[35m[HTTP][39m [37m<-- POST /wd/hub/session/21729475-6cef-4c04-adc3-d221d9443c87/execute/sync [39m[32m200[39m [90m29 ms - 56[39m
[35m[HTTP][39m [90m[39m
[35m[HTTP][39m [37m-->[39m [37mPOST[39m [37m/wd/hub/session/21729475-6cef-4c04-adc3-d221d9443c87/timeouts[39m
[35m[HTTP][39m [90m{"implicit":50}[39m
[35m[HTTP][39m [37m<-- POST /wd/hub/session/21729475-6cef-4c04-adc3-d221d9443c87/timeouts [39m[32m200[39m [90m3 ms - 14[39m
[35m[HTTP][39m [90m[39m
[35m[HTTP][39m [37m-->[39m [37mGET[39m [37m/wd/hub/session/21729475-6cef-4c04-adc3-d221d9443c87/window/rect[39m
[35m[HTTP][39m [90m{}[39m
[35m[HTTP][39m [37m<-- GET /wd/hub/session/21729475-6cef-4c04-adc3-d221d9443c87/window/rect [39m[32m200[39m [90m18 ms - 50[39m
[35m[HTTP][39m [90m[39m
[35m[HTTP][39m [37m-->[39m [37mPOST[39m [37m/wd/hub/session/21729475-6cef-4c04-adc3-d221d9443c87/elements[39m
[35m[HTTP][39m [90m{"using":"xpath","value":"//hierarchy/android.widget.FrameLayout[1]/android.widget.LinearLayout[1]/android.widget.FrameLayout[1]/android.widget.FrameLayout[1]/android.view.View[1]/android.view.View[1]/android.view.View[1]/android.view.View[1]/android.widget.ScrollView[1]/android.widget.EditText[1]"}[39m
[35m[HTTP][39m [37m<-- POST /wd/hub/session/21729475-6cef-4c04-adc3-d221d9443c87/elements [39m[32m200[39m [90m830 ms - 139[39m
[35m[HTTP][39m [90m[39m
[35m[HTTP][39m [37m-->[39m [37mGET[39m [37m/wd/hub/session/21729475-6cef-4c04-adc3-d221d9443c87/element/00000000-0000-0008-0000-000900000003/location[39m
[35m[HTTP][39m [90m{}[39m
[35m[W3C (21729475)][39m Driver proxy active, passing request on via HTTP proxy
[35m[WD Proxy][39m Replacing sessionId fb3f574d-5dbd-4c64-9174-a1de3e45096a with 21729475-6cef-4c04-adc3-d221d9443c87
[35m[HTTP][39m [37m<-- GET /wd/hub/session/21729475-6cef-4c04-adc3-d221d9443c87/element/00000000-0000-0008-0000-000900000003/location [39m[32m200[39m [90m26 ms - 78[39m
[35m[HTTP][39m [90m[39m
[35m[HTTP][39m [37m-->[39m [37mPOST[39m [37m/wd/hub/session/21729475-6cef-4c04-adc3-d221d9443c87/timeouts[39m
[35m[HTTP][39m [90m{"implicit":30000}[39m
[35m[HTTP][39m [37m<-- POST /wd/hub/session/21729475-6cef-4c04-adc3-d221d9443c87/timeouts [39m[32m200[39m [90m1 ms - 14[39m
[35m[HTTP][39m [90m[39m
[35m[HTTP][39m [37m-->[39m [37mPOST[39m [37m/wd/hub/session/21729475-6cef-4c04-adc3-d221d9443c87/element/00000000-0000-0008-0000-000900000003/click[39m
[35m[HTTP][39m [90m{"id":"00000000-0000-0008-0000-000900000003"}[39m
[35m[HTTP][39m [37m<-- POST /wd/hub/session/21729475-6cef-4c04-adc3-d221d9443c87/element/00000000-0000-0008-0000-000900000003/click [39m[32m200[39m [90m68 ms - 14[39m
[35m[HTTP][39m [90m[39m
[35m[HTTP][39m [37m-->[39m [37mPOST[39m [37m/wd/hub/session/21729475-6cef-4c04-adc3-d221d9443c87/timeouts[39m
[35m[HTTP][39m [90m{"implicit":50}[39m
[35m[HTTP][39m [37m<-- POST /wd/hub/session/21729475-6cef-4c04-adc3-d221d9443c87/timeouts [39m[32m200[39m [90m2 ms - 14[39m
[35m[HTTP][39m [90m[39m
[35m[HTTP][39m [37m-->[39m [37mGET[39m [37m/wd/hub/session/21729475-6cef-4c04-adc3-d221d9443c87/window/rect[39m
[35m[HTTP][39m [90m{}[39m
[35m[HTTP][39m [37m<-- GET /wd/hub/session/21729475-6cef-4c04-adc3-d221d9443c87/window/rect [39m[32m200[39m [90m55 ms - 50[39m
[35m[HTTP][39m [90m[39m
[35m[HTTP][39m [37m-->[39m [37mPOST[39m [37m/wd/hub/session/21729475-6cef-4c04-adc3-d221d9443c87/elements[39m
[35m[HTTP][39m [90m{"using":"xpath","value":"//hierarchy/android.widget.FrameLayout[1]/android.widget.LinearLayout[1]/android.widget.FrameLayout[1]/android.widget.FrameLayout[1]/android.view.View[1]/android.view.View[1]/android.view.View[1]/android.view.View[1]/android.widget.ScrollView[1]/android.widget.EditText[1]"}[39m
[35m[HTTP][39m [37m<-- POST /wd/hub/session/21729475-6cef-4c04-adc3-d221d9443c87/elements [39m[32m200[39m [90m340 ms - 139[39m
[35m[HTTP][39m [90m[39m
[35m[HTTP][39m [37m-->[39m [37mGET[39m [37m/wd/hub/session/21729475-6cef-4c04-adc3-d221d9443c87/element/00000000-0000-0008-0000-000900000003/location[39m
[35m[HTTP][39m [90m{}[39m
[35m[W3C (21729475)][39m Driver proxy active, passing request on via HTTP proxy
[35m[WD Proxy][39m Replacing sessionId fb3f574d-5dbd-4c64-9174-a1de3e45096a with 21729475-6cef-4c04-adc3-d221d9443c87
[35m[HTTP][39m [37m<-- GET /wd/hub/session/21729475-6cef-4c04-adc3-d221d9443c87/element/00000000-0000-0008-0000-000900000003/location [39m[32m200[39m [90m22 ms - 78[39m
[35m[HTTP][39m [90m[39m
[35m[HTTP][39m [37m-->[39m [37mPOST[39m [37m/wd/hub/session/21729475-6cef-4c04-adc3-d221d9443c87/timeouts[39m
[35m[HTTP][39m [90m{"implicit":30000}[39m
[35m[HTTP][39m [37m<-- POST /wd/hub/session/21729475-6cef-4c04-adc3-d221d9443c87/timeouts [39m[32m200[39m [90m1 ms - 14[39m
[35m[HTTP][39m [90m[39m
[35m[HTTP][39m [37m-->[39m [37mPOST[39m [37m/wd/hub/session/21729475-6cef-4c04-adc3-d221d9443c87/element/00000000-0000-0008-0000-000900000003/clear[39m
[35m[HTTP][39m [90m{"id":"00000000-0000-0008-0000-000900000003"}[39m
[35m[HTTP][39m [37m<-- POST /wd/hub/session/21729475-6cef-4c04-adc3-d221d9443c87/element/00000000-0000-0008-0000-000900000003/clear [39m[32m200[39m [90m31 ms - 14[39m
[35m[HTTP][39m [90m[39m
[35m[HTTP][39m [37m-->[39m [37mPOST[39m [37m/wd/hub/session/21729475-6cef-4c04-adc3-d221d9443c87/element/00000000-0000-0008-0000-000900000003/click[39m
[35m[HTTP][39m [90m{"id":"00000000-0000-0008-0000-000900000003"}[39m
[35m[HTTP][39m [37m<-- POST /wd/hub/session/21729475-6cef-4c04-adc3-d221d9443c87/element/00000000-0000-0008-0000-000900000003/click [39m[32m200[39m [90m111 ms - 14[39m
[35m[HTTP][39m [90m[39m
[35m[HTTP][39m [37m-->[39m [37mPOST[39m [37m/wd/hub/session/21729475-6cef-4c04-adc3-d221d9443c87/element/00000000-0000-0008-0000-000900000003/value[39m
[35m[HTTP][39m [90m{"id":"00000000-0000-0008-0000-000900000003","text":"receptionist@kaf.co.id","value":["r","e","c","e","p","t","i","o","n","i","s","t","@","k","a","f",".","c","o",".","i","d"]}[39m
[35m[HTTP][39m [37m<-- POST /wd/hub/session/21729475-6cef-4c04-adc3-d221d9443c87/element/00000000-0000-0008-0000-000900000003/value [39m[32m200[39m [90m41 ms - 14[39m
[35m[HTTP][39m [90m[39m
[35m[HTTP][39m [37m-->[39m [37mGET[39m [37m/wd/hub/session/21729475-6cef-4c04-adc3-d221d9443c87/context[39m
[35m[HTTP][39m [90m{}[39m
[35m[HTTP][39m [37m<-- GET /wd/hub/session/21729475-6cef-4c04-adc3-d221d9443c87/context [39m[32m200[39m [90m2 ms - 22[39m
[35m[HTTP][39m [90m[39m
[35m[HTTP][39m [37m-->[39m [37mGET[39m [37m/wd/hub/session/21729475-6cef-4c04-adc3-d221d9443c87/contexts[39m
[35m[HTTP][39m [90m{}[39m
[35m[HTTP][39m [37m<-- GET /wd/hub/session/21729475-6cef-4c04-adc3-d221d9443c87/contexts [39m[32m200[39m [90m254 ms - 24[39m
[35m[HTTP][39m [90m[39m
[35m[HTTP][39m [37m-->[39m [37mPOST[39m [37m/wd/hub/session/21729475-6cef-4c04-adc3-d221d9443c87/context[39m
[35m[HTTP][39m [90m{"name":"NATIVE_APP"}[39m
[35m[HTTP][39m [37m<-- POST /wd/hub/session/21729475-6cef-4c04-adc3-d221d9443c87/context [39m[32m200[39m [90m3 ms - 14[39m
[35m[HTTP][39m [90m[39m
[35m[HTTP][39m [37m-->[39m [37mPOST[39m [37m/wd/hub/session/21729475-6cef-4c04-adc3-d221d9443c87/appium/device/hide_keyboard[39m
[35m[HTTP][39m [90m{}[39m
[35m[HTTP][39m [37m<-- POST /wd/hub/session/21729475-6cef-4c04-adc3-d221d9443c87/appium/device/hide_keyboard [39m[32m200[39m [90m2022 ms - 14[39m
[35m[HTTP][39m [90m[39m
[35m[HTTP][39m [37m-->[39m [37mPOST[39m [37m/wd/hub/session/21729475-6cef-4c04-adc3-d221d9443c87/context[39m
[35m[HTTP][39m [90m{"name":"NATIVE_APP"}[39m
[35m[HTTP][39m [37m<-- POST /wd/hub/session/21729475-6cef-4c04-adc3-d221d9443c87/context [39m[32m200[39m [90m2 ms - 14[39m
[35m[HTTP][39m [90m[39m
[35m[HTTP][39m [37m-->[39m [37mPOST[39m [37m/wd/hub/session/21729475-6cef-4c04-adc3-d221d9443c87/timeouts[39m
[35m[HTTP][39m [90m{"implicit":50}[39m
[35m[HTTP][39m [37m<-- POST /wd/hub/session/21729475-6cef-4c04-adc3-d221d9443c87/timeouts [39m[32m200[39m [90m2 ms - 14[39m
[35m[HTTP][39m [90m[39m
[35m[HTTP][39m [37m-->[39m [37mGET[39m [37m/wd/hub/session/21729475-6cef-4c04-adc3-d221d9443c87/window/rect[39m
[35m[HTTP][39m [90m{}[39m
[35m[HTTP][39m [37m<-- GET /wd/hub/session/21729475-6cef-4c04-adc3-d221d9443c87/window/rect [39m[32m200[39m [90m21 ms - 50[39m
[35m[HTTP][39m [90m[39m
[35m[HTTP][39m [37m-->[39m [37mPOST[39m [37m/wd/hub/session/21729475-6cef-4c04-adc3-d221d9443c87/elements[39m
[35m[HTTP][39m [90m{"using":"xpath","value":"//hierarchy/android.widget.FrameLayout[1]/android.widget.LinearLayout[1]/android.widget.FrameLayout[1]/android.widget.FrameLayout[1]/android.view.View[1]/android.view.View[1]/android.view.View[1]/android.view.View[1]/android.widget.ScrollView[1]/android.widget.EditText[2]"}[39m
[35m[HTTP][39m [37m<-- POST /wd/hub/session/21729475-6cef-4c04-adc3-d221d9443c87/elements [39m[32m200[39m [90m1065 ms - 139[39m
[35m[HTTP][39m [90m[39m
[35m[HTTP][39m [37m-->[39m [37mGET[39m [37m/wd/hub/session/21729475-6cef-4c04-adc3-d221d9443c87/element/00000000-0000-0008-0000-000b00000003/location[39m
[35m[HTTP][39m [90m{}[39m
[35m[W3C (21729475)][39m Driver proxy active, passing request on via HTTP proxy
[35m[WD Proxy][39m Replacing sessionId fb3f574d-5dbd-4c64-9174-a1de3e45096a with 21729475-6cef-4c04-adc3-d221d9443c87
[35m[HTTP][39m [37m<-- GET /wd/hub/session/21729475-6cef-4c04-adc3-d221d9443c87/element/00000000-0000-0008-0000-000b00000003/location [39m[32m200[39m [90m17 ms - 78[39m
[35m[HTTP][39m [90m[39m
[35m[HTTP][39m [37m-->[39m [37mPOST[39m [37m/wd/hub/session/21729475-6cef-4c04-adc3-d221d9443c87/timeouts[39m
[35m[HTTP][39m [90m{"implicit":30000}[39m
[35m[HTTP][39m [37m<-- POST /wd/hub/session/21729475-6cef-4c04-adc3-d221d9443c87/timeouts [39m[32m200[39m [90m3 ms - 14[39m
[35m[HTTP][39m [90m[39m
[35m[HTTP][39m [37m-->[39m [37mPOST[39m [37m/wd/hub/session/21729475-6cef-4c04-adc3-d221d9443c87/element/00000000-0000-0008-0000-000b00000003/click[39m
[35m[HTTP][39m [90m{"id":"00000000-0000-0008-0000-000b00000003"}[39m
[35m[HTTP][39m [37m<-- POST /wd/hub/session/21729475-6cef-4c04-adc3-d221d9443c87/element/00000000-0000-0008-0000-000b00000003/click [39m[32m200[39m [90m61 ms - 14[39m
[35m[HTTP][39m [90m[39m
[35m[HTTP][39m [37m-->[39m [37mPOST[39m [37m/wd/hub/session/21729475-6cef-4c04-adc3-d221d9443c87/timeouts[39m
[35m[HTTP][39m [90m{"implicit":50}[39m
[35m[HTTP][39m [37m<-- POST /wd/hub/session/21729475-6cef-4c04-adc3-d221d9443c87/timeouts [39m[32m200[39m [90m2 ms - 14[39m
[35m[HTTP][39m [90m[39m
[35m[HTTP][39m [37m-->[39m [37mGET[39m [37m/wd/hub/session/21729475-6cef-4c04-adc3-d221d9443c87/window/rect[39m
[35m[HTTP][39m [90m{}[39m
[35m[HTTP][39m [37m<-- GET /wd/hub/session/21729475-6cef-4c04-adc3-d221d9443c87/window/rect [39m[32m200[39m [90m45 ms - 50[39m
[35m[HTTP][39m [90m[39m
[35m[HTTP][39m [37m-->[39m [37mPOST[39m [37m/wd/hub/session/21729475-6cef-4c04-adc3-d221d9443c87/elements[39m
[35m[HTTP][39m [90m{"using":"xpath","value":"//hierarchy/android.widget.FrameLayout[1]/android.widget.LinearLayout[1]/android.widget.FrameLayout[1]/android.widget.FrameLayout[1]/android.view.View[1]/android.view.View[1]/android.view.View[1]/android.view.View[1]/android.widget.ScrollView[1]/android.widget.EditText[2]"}[39m
[35m[HTTP][39m [37m<-- POST /wd/hub/session/21729475-6cef-4c04-adc3-d221d9443c87/elements [39m[32m200[39m [90m1059 ms - 139[39m
[35m[HTTP][39m [90m[39m
[35m[HTTP][39m [37m-->[39m [37mGET[39m [37m/wd/hub/session/21729475-6cef-4c04-adc3-d221d9443c87/element/00000000-0000-0008-0000-000b00000003/location[39m
[35m[HTTP][39m [90m{}[39m
[35m[W3C (21729475)][39m Driver proxy active, passing request on via HTTP proxy
[35m[WD Proxy][39m Replacing sessionId fb3f574d-5dbd-4c64-9174-a1de3e45096a with 21729475-6cef-4c04-adc3-d221d9443c87
[35m[HTTP][39m [37m<-- GET /wd/hub/session/21729475-6cef-4c04-adc3-d221d9443c87/element/00000000-0000-0008-0000-000b00000003/location [39m[32m200[39m [90m16 ms - 77[39m
[35m[HTTP][39m [90m[39m
[35m[HTTP][39m [37m-->[39m [37mPOST[39m [37m/wd/hub/session/21729475-6cef-4c04-adc3-d221d9443c87/timeouts[39m
[35m[HTTP][39m [90m{"implicit":30000}[39m
[35m[HTTP][39m [37m<-- POST /wd/hub/session/21729475-6cef-4c04-adc3-d221d9443c87/timeouts [39m[32m200[39m [90m1 ms - 14[39m
[35m[HTTP][39m [90m[39m
[35m[HTTP][39m [37m-->[39m [37mPOST[39m [37m/wd/hub/session/21729475-6cef-4c04-adc3-d221d9443c87/element/00000000-0000-0008-0000-000b00000003/clear[39m
[35m[HTTP][39m [90m{"id":"00000000-0000-0008-0000-000b00000003"}[39m
[35m[HTTP][39m [37m<-- POST /wd/hub/session/21729475-6cef-4c04-adc3-d221d9443c87/element/00000000-0000-0008-0000-000b00000003/clear [39m[32m200[39m [90m18 ms - 14[39m
[35m[HTTP][39m [90m[39m
[35m[HTTP][39m [37m-->[39m [37mPOST[39m [37m/wd/hub/session/21729475-6cef-4c04-adc3-d221d9443c87/element/00000000-0000-0008-0000-000b00000003/click[39m
[35m[HTTP][39m [90m{"id":"00000000-0000-0008-0000-000b00000003"}[39m
[35m[HTTP][39m [37m<-- POST /wd/hub/session/21729475-6cef-4c04-adc3-d221d9443c87/element/00000000-0000-0008-0000-000b00000003/click [39m[32m200[39m [90m58 ms - 14[39m
[35m[HTTP][39m [90m[39m
[35m[HTTP][39m [37m-->[39m [37mPOST[39m [37m/wd/hub/session/21729475-6cef-4c04-adc3-d221d9443c87/element/00000000-0000-0008-0000-000b00000003/value[39m
[35m[HTTP][39m [90m{"id":"00000000-0000-0008-0000-000b00000003","text":"R3cept!#888","value":["R","3","c","e","p","t","!","#","8","8","8"]}[39m
[35m[HTTP][39m [37m<-- POST /wd/hub/session/21729475-6cef-4c04-adc3-d221d9443c87/element/00000000-0000-0008-0000-000b00000003/value [39m[32m200[39m [90m26 ms - 14[39m
[35m[HTTP][39m [90m[39m
[35m[HTTP][39m [37m-->[39m [37mGET[39m [37m/wd/hub/session/21729475-6cef-4c04-adc3-d221d9443c87/context[39m
[35m[HTTP][39m [90m{}[39m
[35m[HTTP][39m [37m<-- GET /wd/hub/session/21729475-6cef-4c04-adc3-d221d9443c87/context [39m[32m200[39m [90m2 ms - 22[39m
[35m[HTTP][39m [90m[39m
[35m[HTTP][39m [37m-->[39m [37mGET[39m [37m/wd/hub/session/21729475-6cef-4c04-adc3-d221d9443c87/contexts[39m
[35m[HTTP][39m [90m{}[39m
[35m[HTTP][39m [37m<-- GET /wd/hub/session/21729475-6cef-4c04-adc3-d221d9443c87/contexts [39m[32m200[39m [90m144 ms - 24[39m
[35m[HTTP][39m [90m[39m
[35m[HTTP][39m [37m-->[39m [37mPOST[39m [37m/wd/hub/session/21729475-6cef-4c04-adc3-d221d9443c87/context[39m
[35m[HTTP][39m [90m{"name":"NATIVE_APP"}[39m
[35m[HTTP][39m [37m<-- POST /wd/hub/session/21729475-6cef-4c04-adc3-d221d9443c87/context [39m[32m200[39m [90m2 ms - 14[39m
[35m[HTTP][39m [90m[39m
[35m[HTTP][39m [37m-->[39m [37mPOST[39m [37m/wd/hub/session/21729475-6cef-4c04-adc3-d221d9443c87/appium/device/hide_keyboard[39m
[35m[HTTP][39m [90m{}[39m
[35m[HTTP][39m [37m<-- POST /wd/hub/session/21729475-6cef-4c04-adc3-d221d9443c87/appium/device/hide_keyboard [39m[32m200[39m [90m1477 ms - 14[39m
[35m[HTTP][39m [90m[39m
[35m[HTTP][39m [37m-->[39m [37mPOST[39m [37m/wd/hub/session/21729475-6cef-4c04-adc3-d221d9443c87/context[39m
[35m[HTTP][39m [90m{"name":"NATIVE_APP"}[39m
[35m[HTTP][39m [37m<-- POST /wd/hub/session/21729475-6cef-4c04-adc3-d221d9443c87/context [39m[32m200[39m [90m2 ms - 14[39m
[35m[HTTP][39m [90m[39m
[35m[HTTP][39m [37m-->[39m [37mPOST[39m [37m/wd/hub/session/21729475-6cef-4c04-adc3-d221d9443c87/timeouts[39m
[35m[HTTP][39m [90m{"implicit":50}[39m
[35m[HTTP][39m [37m<-- POST /wd/hub/session/21729475-6cef-4c04-adc3-d221d9443c87/timeouts [39m[32m200[39m [90m2 ms - 14[39m
[35m[HTTP][39m [90m[39m
[35m[HTTP][39m [37m-->[39m [37mGET[39m [37m/wd/hub/session/21729475-6cef-4c04-adc3-d221d9443c87/window/rect[39m
[35m[HTTP][39m [90m{}[39m
[35m[HTTP][39m [37m<-- GET /wd/hub/session/21729475-6cef-4c04-adc3-d221d9443c87/window/rect [39m[32m200[39m [90m43 ms - 50[39m
[35m[HTTP][39m [90m[39m
[35m[HTTP][39m [37m-->[39m [37mPOST[39m [37m/wd/hub/session/21729475-6cef-4c04-adc3-d221d9443c87/elements[39m
[35m[HTTP][39m [90m{"using":"accessibility id","value":"Log In"}[39m
[35m[HTTP][39m [37m<-- POST /wd/hub/session/21729475-6cef-4c04-adc3-d221d9443c87/elements [39m[32m200[39m [90m1040 ms - 139[39m
[35m[HTTP][39m [90m[39m
[35m[HTTP][39m [37m-->[39m [37mGET[39m [37m/wd/hub/session/21729475-6cef-4c04-adc3-d221d9443c87/element/00000000-0000-0008-0000-000d00000003/location[39m
[35m[HTTP][39m [90m{}[39m
[35m[W3C (21729475)][39m Driver proxy active, passing request on via HTTP proxy
[35m[WD Proxy][39m Replacing sessionId fb3f574d-5dbd-4c64-9174-a1de3e45096a with 21729475-6cef-4c04-adc3-d221d9443c87
[35m[HTTP][39m [37m<-- GET /wd/hub/session/21729475-6cef-4c04-adc3-d221d9443c87/element/00000000-0000-0008-0000-000d00000003/location [39m[32m200[39m [90m17 ms - 78[39m
[35m[HTTP][39m [90m[39m
[35m[HTTP][39m [37m-->[39m [37mPOST[39m [37m/wd/hub/session/21729475-6cef-4c04-adc3-d221d9443c87/timeouts[39m
[35m[HTTP][39m [90m{"implicit":30000}[39m
[35m[HTTP][39m [37m<-- POST /wd/hub/session/21729475-6cef-4c04-adc3-d221d9443c87/timeouts [39m[32m200[39m [90m1 ms - 14[39m
[35m[HTTP][39m [90m[39m
[35m[HTTP][39m [37m-->[39m [37mPOST[39m [37m/wd/hub/session/21729475-6cef-4c04-adc3-d221d9443c87/element/00000000-0000-0008-0000-000d00000003/click[39m
[35m[HTTP][39m [90m{"id":"00000000-0000-0008-0000-000d00000003"}[39m
[35m[HTTP][39m [37m<-- POST /wd/hub/session/21729475-6cef-4c04-adc3-d221d9443c87/element/00000000-0000-0008-0000-000d00000003/click [39m[32m200[39m [90m545 ms - 14[39m
[35m[HTTP][39m [90m[39m
[35m[HTTP][39m [37m-->[39m [37mPOST[39m [37m/wd/hub/session/21729475-6cef-4c04-adc3-d221d9443c87/timeouts[39m
[35m[HTTP][39m [90m{"implicit":50}[39m
[35m[HTTP][39m [37m<-- POST /wd/hub/session/21729475-6cef-4c04-adc3-d221d9443c87/timeouts [39m[32m200[39m [90m2 ms - 14[39m
[35m[HTTP][39m [90m[39m
[35m[HTTP][39m [37m-->[39m [37mGET[39m [37m/wd/hub/session/21729475-6cef-4c04-adc3-d221d9443c87/window/rect[39m
[35m[HTTP][39m [90m{}[39m
[35m[HTTP][39m [37m<-- GET /wd/hub/session/21729475-6cef-4c04-adc3-d221d9443c87/window/rect [39m[32m200[39m [90m17 ms - 50[39m
[35m[HTTP][39m [90m[39m
[35m[HTTP][39m [37m-->[39m [37mPOST[39m [37m/wd/hub/session/21729475-6cef-4c04-adc3-d221d9443c87/elements[39m
[35m[HTTP][39m [90m{"using":"accessibility id","value":"Customer\n Update"}[39m
[35m[HTTP][39m [37m<-- POST /wd/hub/session/21729475-6cef-4c04-adc3-d221d9443c87/elements [39m[32m200[39m [90m92 ms - 139[39m
[35m[HTTP][39m [90m[39m
[35m[HTTP][39m [37m-->[39m [37mGET[39m [37m/wd/hub/session/21729475-6cef-4c04-adc3-d221d9443c87/element/00000000-0000-0008-0000-002200000003/location[39m
[35m[HTTP][39m [90m{}[39m
[35m[W3C (21729475)][39m Driver proxy active, passing request on via HTTP proxy
[35m[WD Proxy][39m Replacing sessionId fb3f574d-5dbd-4c64-9174-a1de3e45096a with 21729475-6cef-4c04-adc3-d221d9443c87
[35m[HTTP][39m [37m<-- GET /wd/hub/session/21729475-6cef-4c04-adc3-d221d9443c87/element/00000000-0000-0008-0000-002200000003/location [39m[32m200[39m [90m49 ms - 78[39m
[35m[HTTP][39m [90m[39m
[35m[HTTP][39m [37m-->[39m [37mPOST[39m [37m/wd/hub/session/21729475-6cef-4c04-adc3-d221d9443c87/timeouts[39m
[35m[HTTP][39m [90m{"implicit":30000}[39m
[35m[HTTP][39m [37m<-- POST /wd/hub/session/21729475-6cef-4c04-adc3-d221d9443c87/timeouts [39m[32m200[39m [90m2 ms - 14[39m
[35m[HTTP][39m [90m[39m
[35m[HTTP][39m [37m-->[39m [37mPOST[39m [37m/wd/hub/session/21729475-6cef-4c04-adc3-d221d9443c87/element/00000000-0000-0008-0000-002200000003/click[39m
[35m[HTTP][39m [90m{"id":"00000000-0000-0008-0000-002200000003"}[39m
[35m[HTTP][39m [37m<-- POST /wd/hub/session/21729475-6cef-4c04-adc3-d221d9443c87/element/00000000-0000-0008-0000-002200000003/click [39m[32m200[39m [90m832 ms - 14[39m
[35m[HTTP][39m [90m[39m
[35m[HTTP][39m [37m-->[39m [37mPOST[39m [37m/wd/hub/session/21729475-6cef-4c04-adc3-d221d9443c87/timeouts[39m
[35m[HTTP][39m [90m{"implicit":50}[39m
[35m[HTTP][39m [37m<-- POST /wd/hub/session/21729475-6cef-4c04-adc3-d221d9443c87/timeouts [39m[32m200[39m [90m2 ms - 14[39m
[35m[HTTP][39m [90m[39m
[35m[HTTP][39m [37m-->[39m [37mGET[39m [37m/wd/hub/session/21729475-6cef-4c04-adc3-d221d9443c87/window/rect[39m
[35m[HTTP][39m [90m{}[39m
[35m[HTTP][39m [37m<-- GET /wd/hub/session/21729475-6cef-4c04-adc3-d221d9443c87/window/rect [39m[32m200[39m [90m15 ms - 50[39m
[35m[HTTP][39m [90m[39m
[35m[HTTP][39m [37m-->[39m [37mPOST[39m [37m/wd/hub/session/21729475-6cef-4c04-adc3-d221d9443c87/elements[39m
[35m[HTTP][39m [90m{"using":"xpath","value":"//hierarchy/android.widget.FrameLayout[1]/android.widget.LinearLayout[1]/android.widget.FrameLayout[1]/android.widget.FrameLayout[1]/android.view.View[1]/android.view.View[1]/android.view.View[1]/android.view.View[1]/android.view.View[2]/android.view.View[1]/android.view.View[1]/android.widget.ImageView[1]"}[39m
[35m[HTTP][39m [37m<-- POST /wd/hub/session/21729475-6cef-4c04-adc3-d221d9443c87/elements [39m[32m200[39m [90m131 ms - 139[39m
[35m[HTTP][39m [90m[39m
[35m[HTTP][39m [37m-->[39m [37mGET[39m [37m/wd/hub/session/21729475-6cef-4c04-adc3-d221d9443c87/element/00000000-0000-0008-0000-004a00000003/location[39m
[35m[HTTP][39m [90m{}[39m
[35m[W3C (21729475)][39m Driver proxy active, passing request on via HTTP proxy
[35m[WD Proxy][39m Replacing sessionId fb3f574d-5dbd-4c64-9174-a1de3e45096a with 21729475-6cef-4c04-adc3-d221d9443c87
[35m[HTTP][39m [37m<-- GET /wd/hub/session/21729475-6cef-4c04-adc3-d221d9443c87/element/00000000-0000-0008-0000-004a00000003/location [39m[32m200[39m [90m15 ms - 79[39m
[35m[HTTP][39m [90m[39m
[35m[HTTP][39m [37m-->[39m [37mPOST[39m [37m/wd/hub/session/21729475-6cef-4c04-adc3-d221d9443c87/timeouts[39m
[35m[HTTP][39m [90m{"implicit":30000}[39m
[35m[HTTP][39m [37m<-- POST /wd/hub/session/21729475-6cef-4c04-adc3-d221d9443c87/timeouts [39m[32m200[39m [90m1 ms - 14[39m
[35m[HTTP][39m [90m[39m
[35m[HTTP][39m [37m-->[39m [37mPOST[39m [37m/wd/hub/session/21729475-6cef-4c04-adc3-d221d9443c87/element/00000000-0000-0008-0000-004a00000003/click[39m
[35m[HTTP][39m [90m{"id":"00000000-0000-0008-0000-004a00000003"}[39m
[35m[HTTP][39m [37m<-- POST /wd/hub/session/21729475-6cef-4c04-adc3-d221d9443c87/element/00000000-0000-0008-0000-004a00000003/click [39m[32m200[39m [90m797 ms - 14[39m
[35m[HTTP][39m [90m[39m
[35m[HTTP][39m [37m-->[39m [37mPOST[39m [37m/wd/hub/session/21729475-6cef-4c04-adc3-d221d9443c87/timeouts[39m
[35m[HTTP][39m [90m{"implicit":50}[39m
[35m[HTTP][39m [37m<-- POST /wd/hub/session/21729475-6cef-4c04-adc3-d221d9443c87/timeouts [39m[32m200[39m [90m2 ms - 14[39m
[35m[HTTP][39m [90m[39m
[35m[HTTP][39m [37m-->[39m [37mGET[39m [37m/wd/hub/session/21729475-6cef-4c04-adc3-d221d9443c87/window/rect[39m
[35m[HTTP][39m [90m{}[39m
[35m[HTTP][39m [37m<-- GET /wd/hub/session/21729475-6cef-4c04-adc3-d221d9443c87/window/rect [39m[32m200[39m [90m15 ms - 50[39m
[35m[HTTP][39m [90m[39m
[35m[HTTP][39m [37m-->[39m [37mPOST[39m [37m/wd/hub/session/21729475-6cef-4c04-adc3-d221d9443c87/elements[39m
[35m[HTTP][39m [90m{"using":"accessibility id","value":"Prospect Customer"}[39m
[35m[HTTP][39m [37m<-- POST /wd/hub/session/21729475-6cef-4c04-adc3-d221d9443c87/elements [39m[32m200[39m [90m45 ms - 139[39m
[35m[HTTP][39m [90m[39m
[35m[HTTP][39m [37m-->[39m [37mGET[39m [37m/wd/hub/session/21729475-6cef-4c04-adc3-d221d9443c87/element/00000000-0000-0008-0000-005f00000003/location[39m
[35m[HTTP][39m [90m{}[39m
[35m[W3C (21729475)][39m Driver proxy active, passing request on via HTTP proxy
[35m[WD Proxy][39m Replacing sessionId fb3f574d-5dbd-4c64-9174-a1de3e45096a with 21729475-6cef-4c04-adc3-d221d9443c87
[35m[HTTP][39m [37m<-- GET /wd/hub/session/21729475-6cef-4c04-adc3-d221d9443c87/element/00000000-0000-0008-0000-005f00000003/location [39m[32m200[39m [90m21 ms - 78[39m
[35m[HTTP][39m [90m[39m
[35m[HTTP][39m [37m-->[39m [37mPOST[39m [37m/wd/hub/session/21729475-6cef-4c04-adc3-d221d9443c87/timeouts[39m
[35m[HTTP][39m [90m{"implicit":30000}[39m
[35m[HTTP][39m [37m<-- POST /wd/hub/session/21729475-6cef-4c04-adc3-d221d9443c87/timeouts [39m[32m200[39m [90m1 ms - 14[39m
[35m[HTTP][39m [90m[39m
[35m[HTTP][39m [37m-->[39m [37mPOST[39m [37m/wd/hub/session/21729475-6cef-4c04-adc3-d221d9443c87/element/00000000-0000-0008-0000-005f00000003/click[39m
[35m[HTTP][39m [90m{"id":"00000000-0000-0008-0000-005f00000003"}[39m
[35m[HTTP][39m [37m<-- POST /wd/hub/session/21729475-6cef-4c04-adc3-d221d9443c87/element/00000000-0000-0008-0000-005f00000003/click [39m[32m200[39m [90m786 ms - 14[39m
[35m[HTTP][39m [90m[39m
[35m[HTTP][39m [37m-->[39m [37mPOST[39m [37m/wd/hub/session/21729475-6cef-4c04-adc3-d221d9443c87/timeouts[39m
[35m[HTTP][39m [90m{"implicit":50}[39m
[35m[HTTP][39m [37m<-- POST /wd/hub/session/21729475-6cef-4c04-adc3-d221d9443c87/timeouts [39m[32m200[39m [90m2 ms - 14[39m
[35m[HTTP][39m [90m[39m
[35m[HTTP][39m [37m-->[39m [37mGET[39m [37m/wd/hub/session/21729475-6cef-4c04-adc3-d221d9443c87/window/rect[39m
[35m[HTTP][39m [90m{}[39m
[35m[HTTP][39m [37m<-- GET /wd/hub/session/21729475-6cef-4c04-adc3-d221d9443c87/window/rect [39m[32m200[39m [90m14 ms - 50[39m
[35m[HTTP][39m [90m[39m
[35m[HTTP][39m [37m-->[39m [37mPOST[39m [37m/wd/hub/session/21729475-6cef-4c04-adc3-d221d9443c87/elements[39m
[35m[HTTP][39m [90m{"using":"xpath","value":"//hierarchy/android.widget.FrameLayout[1]/android.widget.LinearLayout[1]/android.widget.FrameLayout[1]/android.widget.FrameLayout[1]/android.view.View[1]/android.view.View[1]/android.view.View[1]/android.view.View[1]/android.view.View[1]/android.widget.EditText[1]"}[39m
[35m[HTTP][39m [37m<-- POST /wd/hub/session/21729475-6cef-4c04-adc3-d221d9443c87/elements [39m[32m200[39m [90m111 ms - 139[39m
[35m[HTTP][39m [90m[39m
[35m[HTTP][39m [37m-->[39m [37mGET[39m [37m/wd/hub/session/21729475-6cef-4c04-adc3-d221d9443c87/element/00000000-0000-0008-0000-006300000003/location[39m
[35m[HTTP][39m [90m{}[39m
[35m[W3C (21729475)][39m Driver proxy active, passing request on via HTTP proxy
[35m[WD Proxy][39m Replacing sessionId fb3f574d-5dbd-4c64-9174-a1de3e45096a with 21729475-6cef-4c04-adc3-d221d9443c87
[35m[HTTP][39m [37m<-- GET /wd/hub/session/21729475-6cef-4c04-adc3-d221d9443c87/element/00000000-0000-0008-0000-006300000003/location [39m[32m200[39m [90m26 ms - 78[39m
[35m[HTTP][39m [90m[39m
[35m[HTTP][39m [37m-->[39m [37mPOST[39m [37m/wd/hub/session/21729475-6cef-4c04-adc3-d221d9443c87/timeouts[39m
[35m[HTTP][39m [90m{"implicit":30000}[39m
[35m[HTTP][39m [37m<-- POST /wd/hub/session/21729475-6cef-4c04-adc3-d221d9443c87/timeouts [39m[32m200[39m [90m1 ms - 14[39m
[35m[HTTP][39m [90m[39m
[35m[HTTP][39m [37m-->[39m [37mPOST[39m [37m/wd/hub/session/21729475-6cef-4c04-adc3-d221d9443c87/element/00000000-0000-0008-0000-006300000003/click[39m
[35m[HTTP][39m [90m{"id":"00000000-0000-0008-0000-006300000003"}[39m
[35m[HTTP][39m [37m<-- POST /wd/hub/session/21729475-6cef-4c04-adc3-d221d9443c87/element/00000000-0000-0008-0000-006300000003/click [39m[32m200[39m [90m50 ms - 14[39m
[35m[HTTP][39m [90m[39m
[35m[HTTP][39m [37m-->[39m [37mPOST[39m [37m/wd/hub/session/21729475-6cef-4c04-adc3-d221d9443c87/timeouts[39m
[35m[HTTP][39m [90m{"implicit":50}[39m
[35m[HTTP][39m [37m<-- POST /wd/hub/session/21729475-6cef-4c04-adc3-d221d9443c87/timeouts [39m[32m200[39m [90m2 ms - 14[39m
[35m[HTTP][39m [90m[39m
[35m[HTTP][39m [37m-->[39m [37mGET[39m [37m/wd/hub/session/21729475-6cef-4c04-adc3-d221d9443c87/window/rect[39m
[35m[HTTP][39m [90m{}[39m
[35m[HTTP][39m [37m<-- GET /wd/hub/session/21729475-6cef-4c04-adc3-d221d9443c87/window/rect [39m[32m200[39m [90m97 ms - 50[39m
[35m[HTTP][39m [90m[39m
[35m[HTTP][39m [37m-->[39m [37mPOST[39m [37m/wd/hub/session/21729475-6cef-4c04-adc3-d221d9443c87/elements[39m
[35m[HTTP][39m [90m{"using":"xpath","value":"//hierarchy/android.widget.FrameLayout[1]/android.widget.LinearLayout[1]/android.widget.FrameLayout[1]/android.widget.FrameLayout[1]/android.view.View[1]/android.view.View[1]/android.view.View[1]/android.view.View[1]/android.view.View[1]/android.widget.EditText[1]"}[39m
[35m[HTTP][39m [37m<-- POST /wd/hub/session/21729475-6cef-4c04-adc3-d221d9443c87/elements [39m[32m200[39m [90m1162 ms - 139[39m
[35m[HTTP][39m [90m[39m
[35m[HTTP][39m [37m-->[39m [37mGET[39m [37m/wd/hub/session/21729475-6cef-4c04-adc3-d221d9443c87/element/00000000-0000-0008-0000-006300000003/location[39m
[35m[HTTP][39m [90m{}[39m
[35m[W3C (21729475)][39m Driver proxy active, passing request on via HTTP proxy
[35m[WD Proxy][39m Replacing sessionId fb3f574d-5dbd-4c64-9174-a1de3e45096a with 21729475-6cef-4c04-adc3-d221d9443c87
[35m[HTTP][39m [37m<-- GET /wd/hub/session/21729475-6cef-4c04-adc3-d221d9443c87/element/00000000-0000-0008-0000-006300000003/location [39m[32m200[39m [90m20 ms - 78[39m
[35m[HTTP][39m [90m[39m
[35m[HTTP][39m [37m-->[39m [37mPOST[39m [37m/wd/hub/session/21729475-6cef-4c04-adc3-d221d9443c87/timeouts[39m
[35m[HTTP][39m [90m{"implicit":30000}[39m
[35m[HTTP][39m [37m<-- POST /wd/hub/session/21729475-6cef-4c04-adc3-d221d9443c87/timeouts [39m[32m200[39m [90m2 ms - 14[39m
[35m[HTTP][39m [90m[39m
[35m[HTTP][39m [37m-->[39m [37mPOST[39m [37m/wd/hub/session/21729475-6cef-4c04-adc3-d221d9443c87/element/00000000-0000-0008-0000-006300000003/clear[39m
[35m[HTTP][39m [90m{"id":"00000000-0000-0008-0000-006300000003"}[39m
[35m[HTTP][39m [37m<-- POST /wd/hub/session/21729475-6cef-4c04-adc3-d221d9443c87/element/00000000-0000-0008-0000-006300000003/clear [39m[32m200[39m [90m28 ms - 14[39m
[35m[HTTP][39m [90m[39m
[35m[HTTP][39m [37m-->[39m [37mPOST[39m [37m/wd/hub/session/21729475-6cef-4c04-adc3-d221d9443c87/element/00000000-0000-0008-0000-006300000003/click[39m
[35m[HTTP][39m [90m{"id":"00000000-0000-0008-0000-006300000003"}[39m
[35m[HTTP][39m [37m<-- POST /wd/hub/session/21729475-6cef-4c04-adc3-d221d9443c87/element/00000000-0000-0008-0000-006300000003/click [39m[32m200[39m [90m71 ms - 14[39m
[35m[HTTP][39m [90m[39m
[35m[HTTP][39m [37m-->[39m [37mPOST[39m [37m/wd/hub/session/21729475-6cef-4c04-adc3-d221d9443c87/element/00000000-0000-0008-0000-006300000003/value[39m
[35m[HTTP][39m [90m{"id":"00000000-0000-0008-0000-006300000003","text":"PT MENCARI","value":["P","T"," ","M","E","N","C","A","R","I"]}[39m
[35m[HTTP][39m [37m<-- POST /wd/hub/session/21729475-6cef-4c04-adc3-d221d9443c87/element/00000000-0000-0008-0000-006300000003/value [39m[32m200[39m [90m35 ms - 14[39m
[35m[HTTP][39m [90m[39m
[35m[HTTP][39m [37m-->[39m [37mPOST[39m [37m/wd/hub/session/21729475-6cef-4c04-adc3-d221d9443c87/timeouts[39m
[35m[HTTP][39m [90m{"implicit":50}[39m
[35m[HTTP][39m [37m<-- POST /wd/hub/session/21729475-6cef-4c04-adc3-d221d9443c87/timeouts [39m[32m200[39m [90m2 ms - 14[39m
[35m[HTTP][39m [90m[39m
[35m[HTTP][39m [37m-->[39m [37mGET[39m [37m/wd/hub/session/21729475-6cef-4c04-adc3-d221d9443c87/window/rect[39m
[35m[HTTP][39m [90m{}[39m
[35m[HTTP][39m [37m<-- GET /wd/hub/session/21729475-6cef-4c04-adc3-d221d9443c87/window/rect [39m[32m200[39m [90m12 ms - 50[39m
[35m[HTTP][39m [90m[39m
[35m[HTTP][39m [37m-->[39m [37mPOST[39m [37m/wd/hub/session/21729475-6cef-4c04-adc3-d221d9443c87/elements[39m
[35m[HTTP][39m [90m{"using":"xpath","value":"//hierarchy/android.widget.FrameLayout[1]/android.widget.LinearLayout[1]/android.widget.FrameLayout[1]/android.widget.FrameLayout[1]/android.view.View[1]/android.view.View[1]/android.view.View[1]/android.view.View[1]/android.view.View[1]/android.widget.EditText[2]"}[39m
[35m[HTTP][39m [37m<-- POST /wd/hub/session/21729475-6cef-4c04-adc3-d221d9443c87/elements [39m[32m200[39m [90m734 ms - 139[39m
[35m[HTTP][39m [90m[39m
[35m[HTTP][39m [37m-->[39m [37mGET[39m [37m/wd/hub/session/21729475-6cef-4c04-adc3-d221d9443c87/element/00000000-0000-0008-0000-006400000003/location[39m
[35m[HTTP][39m [90m{}[39m
[35m[W3C (21729475)][39m Driver proxy active, passing request on via HTTP proxy
[35m[WD Proxy][39m Replacing sessionId fb3f574d-5dbd-4c64-9174-a1de3e45096a with 21729475-6cef-4c04-adc3-d221d9443c87
[35m[HTTP][39m [37m<-- GET /wd/hub/session/21729475-6cef-4c04-adc3-d221d9443c87/element/00000000-0000-0008-0000-006400000003/location [39m[32m200[39m [90m15 ms - 78[39m
[35m[HTTP][39m [90m[39m
[35m[HTTP][39m [37m-->[39m [37mPOST[39m [37m/wd/hub/session/21729475-6cef-4c04-adc3-d221d9443c87/timeouts[39m
[35m[HTTP][39m [90m{"implicit":30000}[39m
[35m[HTTP][39m [37m<-- POST /wd/hub/session/21729475-6cef-4c04-adc3-d221d9443c87/timeouts [39m[32m200[39m [90m1 ms - 14[39m
[35m[HTTP][39m [90m[39m
[35m[HTTP][39m [37m-->[39m [37mPOST[39m [37m/wd/hub/session/21729475-6cef-4c04-adc3-d221d9443c87/element/00000000-0000-0008-0000-006400000003/click[39m
[35m[HTTP][39m [90m{"id":"00000000-0000-0008-0000-006400000003"}[39m
[35m[HTTP][39m [37m<-- POST /wd/hub/session/21729475-6cef-4c04-adc3-d221d9443c87/element/00000000-0000-0008-0000-006400000003/click [39m[32m200[39m [90m41 ms - 14[39m
[35m[HTTP][39m [90m[39m
[35m[HTTP][39m [37m-->[39m [37mPOST[39m [37m/wd/hub/session/21729475-6cef-4c04-adc3-d221d9443c87/timeouts[39m
[35m[HTTP][39m [90m{"implicit":50}[39m
[35m[HTTP][39m [37m<-- POST /wd/hub/session/21729475-6cef-4c04-adc3-d221d9443c87/timeouts [39m[32m200[39m [90m1 ms - 14[39m
[35m[HTTP][39m [90m[39m
[35m[HTTP][39m [37m-->[39m [37mGET[39m [37m/wd/hub/session/21729475-6cef-4c04-adc3-d221d9443c87/window/rect[39m
[35m[HTTP][39m [90m{}[39m
[35m[HTTP][39m [37m<-- GET /wd/hub/session/21729475-6cef-4c04-adc3-d221d9443c87/window/rect [39m[32m200[39m [90m17 ms - 50[39m
[35m[HTTP][39m [90m[39m
[35m[HTTP][39m [37m-->[39m [37mPOST[39m [37m/wd/hub/session/21729475-6cef-4c04-adc3-d221d9443c87/elements[39m
[35m[HTTP][39m [90m{"using":"xpath","value":"//hierarchy/android.widget.FrameLayout[1]/android.widget.LinearLayout[1]/android.widget.FrameLayout[1]/android.widget.FrameLayout[1]/android.view.View[1]/android.view.View[1]/android.view.View[1]/android.view.View[1]/android.view.View[1]/android.widget.EditText[2]"}[39m
[35m[HTTP][39m [37m<-- POST /wd/hub/session/21729475-6cef-4c04-adc3-d221d9443c87/elements [39m[32m200[39m [90m750 ms - 139[39m
[35m[HTTP][39m [90m[39m
[35m[HTTP][39m [37m-->[39m [37mGET[39m [37m/wd/hub/session/21729475-6cef-4c04-adc3-d221d9443c87/element/00000000-0000-0008-0000-006400000003/location[39m
[35m[HTTP][39m [90m{}[39m
[35m[W3C (21729475)][39m Driver proxy active, passing request on via HTTP proxy
[35m[WD Proxy][39m Replacing sessionId fb3f574d-5dbd-4c64-9174-a1de3e45096a with 21729475-6cef-4c04-adc3-d221d9443c87
[35m[HTTP][39m [37m<-- GET /wd/hub/session/21729475-6cef-4c04-adc3-d221d9443c87/element/00000000-0000-0008-0000-006400000003/location [39m[32m200[39m [90m18 ms - 78[39m
[35m[HTTP][39m [90m[39m
[35m[HTTP][39m [37m-->[39m [37mPOST[39m [37m/wd/hub/session/21729475-6cef-4c04-adc3-d221d9443c87/timeouts[39m
[35m[HTTP][39m [90m{"implicit":30000}[39m
[35m[HTTP][39m [37m<-- POST /wd/hub/session/21729475-6cef-4c04-adc3-d221d9443c87/timeouts [39m[32m200[39m [90m1 ms - 14[39m
[35m[HTTP][39m [90m[39m
[35m[HTTP][39m [37m-->[39m [37mPOST[39m [37m/wd/hub/session/21729475-6cef-4c04-adc3-d221d9443c87/element/00000000-0000-0008-0000-006400000003/clear[39m
[35m[HTTP][39m [90m{"id":"00000000-0000-0008-0000-006400000003"}[39m
[35m[HTTP][39m [37m<-- POST /wd/hub/session/21729475-6cef-4c04-adc3-d221d9443c87/element/00000000-0000-0008-0000-006400000003/clear [39m[32m200[39m [90m21 ms - 14[39m
[35m[HTTP][39m [90m[39m
[35m[HTTP][39m [37m-->[39m [37mPOST[39m [37m/wd/hub/session/21729475-6cef-4c04-adc3-d221d9443c87/element/00000000-0000-0008-0000-006400000003/click[39m
[35m[HTTP][39m [90m{"id":"00000000-0000-0008-0000-006400000003"}[39m
[35m[HTTP][39m [37m<-- POST /wd/hub/session/21729475-6cef-4c04-adc3-d221d9443c87/element/00000000-0000-0008-0000-006400000003/click [39m[32m200[39m [90m69 ms - 14[39m
[35m[HTTP][39m [90m[39m
[35m[HTTP][39m [37m-->[39m [37mPOST[39m [37m/wd/hub/session/21729475-6cef-4c04-adc3-d221d9443c87/element/00000000-0000-0008-0000-006400000003/value[39m
[35m[HTTP][39m [90m{"id":"00000000-0000-0008-0000-006400000003","text":"MCRI","value":["M","C","R","I"]}[39m
[35m[HTTP][39m [37m<-- POST /wd/hub/session/21729475-6cef-4c04-adc3-d221d9443c87/element/00000000-0000-0008-0000-006400000003/value [39m[32m200[39m [90m26 ms - 14[39m
[35m[HTTP][39m [90m[39m
[35m[HTTP][39m [37m-->[39m [37mGET[39m [37m/wd/hub/session/21729475-6cef-4c04-adc3-d221d9443c87/context[39m
[35m[HTTP][39m [90m{}[39m
[35m[HTTP][39m [37m<-- GET /wd/hub/session/21729475-6cef-4c04-adc3-d221d9443c87/context [39m[32m200[39m [90m1 ms - 22[39m
[35m[HTTP][39m [90m[39m
[35m[HTTP][39m [37m-->[39m [37mGET[39m [37m/wd/hub/session/21729475-6cef-4c04-adc3-d221d9443c87/contexts[39m
[35m[HTTP][39m [90m{}[39m
[35m[HTTP][39m [37m<-- GET /wd/hub/session/21729475-6cef-4c04-adc3-d221d9443c87/contexts [39m[32m200[39m [90m112 ms - 24[39m
[35m[HTTP][39m [90m[39m
[35m[HTTP][39m [37m-->[39m [37mPOST[39m [37m/wd/hub/session/21729475-6cef-4c04-adc3-d221d9443c87/context[39m
[35m[HTTP][39m [90m{"name":"NATIVE_APP"}[39m
[35m[HTTP][39m [37m<-- POST /wd/hub/session/21729475-6cef-4c04-adc3-d221d9443c87/context [39m[32m200[39m [90m2 ms - 14[39m
[35m[HTTP][39m [90m[39m
[35m[HTTP][39m [37m-->[39m [37mPOST[39m [37m/wd/hub/session/21729475-6cef-4c04-adc3-d221d9443c87/appium/device/hide_keyboard[39m
[35m[HTTP][39m [90m{}[39m
[35m[HTTP][39m [37m<-- POST /wd/hub/session/21729475-6cef-4c04-adc3-d221d9443c87/appium/device/hide_keyboard [39m[32m200[39m [90m1471 ms - 14[39m
[35m[HTTP][39m [90m[39m
[35m[HTTP][39m [37m-->[39m [37mPOST[39m [37m/wd/hub/session/21729475-6cef-4c04-adc3-d221d9443c87/context[39m
[35m[HTTP][39m [90m{"name":"NATIVE_APP"}[39m
[35m[HTTP][39m [37m<-- POST /wd/hub/session/21729475-6cef-4c04-adc3-d221d9443c87/context [39m[32m200[39m [90m2 ms - 14[39m
[35m[HTTP][39m [90m[39m
[35m[HTTP][39m [37m-->[39m [37mPOST[39m [37m/wd/hub/session/21729475-6cef-4c04-adc3-d221d9443c87/timeouts[39m
[35m[HTTP][39m [90m{"implicit":50}[39m
[35m[HTTP][39m [37m<-- POST /wd/hub/session/21729475-6cef-4c04-adc3-d221d9443c87/timeouts [39m[32m200[39m [90m2 ms - 14[39m
[35m[HTTP][39m [90m[39m
[35m[HTTP][39m [37m-->[39m [37mGET[39m [37m/wd/hub/session/21729475-6cef-4c04-adc3-d221d9443c87/window/rect[39m
[35m[HTTP][39m [90m{}[39m
[35m[HTTP][39m [37m<-- GET /wd/hub/session/21729475-6cef-4c04-adc3-d221d9443c87/window/rect [39m[32m200[39m [90m38 ms - 50[39m
[35m[HTTP][39m [90m[39m
[35m[HTTP][39m [37m-->[39m [37mPOST[39m [37m/wd/hub/session/21729475-6cef-4c04-adc3-d221d9443c87/elements[39m
[35m[HTTP][39m [90m{"using":"xpath","value":"//*[@class = 'android.widget.ImageView' and @resource-id = '' and (@text = '' or . = '')]"}[39m
[35m[HTTP][39m [37m<-- POST /wd/hub/session/21729475-6cef-4c04-adc3-d221d9443c87/elements [39m[32m200[39m [90m694 ms - 139[39m
[35m[HTTP][39m [90m[39m
[35m[HTTP][39m [37m-->[39m [37mGET[39m [37m/wd/hub/session/21729475-6cef-4c04-adc3-d221d9443c87/element/00000000-0000-0008-0000-006700000003/location[39m
[35m[HTTP][39m [90m{}[39m
[35m[W3C (21729475)][39m Driver proxy active, passing request on via HTTP proxy
[35m[WD Proxy][39m Replacing sessionId fb3f574d-5dbd-4c64-9174-a1de3e45096a with 21729475-6cef-4c04-adc3-d221d9443c87
[35m[HTTP][39m [37m<-- GET /wd/hub/session/21729475-6cef-4c04-adc3-d221d9443c87/element/00000000-0000-0008-0000-006700000003/location [39m[32m200[39m [90m50 ms - 79[39m
[35m[HTTP][39m [90m[39m
[35m[HTTP][39m [37m-->[39m [37mPOST[39m [37m/wd/hub/session/21729475-6cef-4c04-adc3-d221d9443c87/timeouts[39m
[35m[HTTP][39m [90m{"implicit":30000}[39m
[35m[HTTP][39m [37m<-- POST /wd/hub/session/21729475-6cef-4c04-adc3-d221d9443c87/timeouts [39m[32m200[39m [90m1 ms - 14[39m
[35m[HTTP][39m [90m[39m
[35m[HTTP][39m [37m-->[39m [37mPOST[39m [37m/wd/hub/session/21729475-6cef-4c04-adc3-d221d9443c87/element/00000000-0000-0008-0000-006700000003/click[39m
[35m[HTTP][39m [90m{"id":"00000000-0000-0008-0000-006700000003"}[39m
[35m[HTTP][39m [37m<-- POST /wd/hub/session/21729475-6cef-4c04-adc3-d221d9443c87/element/00000000-0000-0008-0000-006700000003/click [39m[32m200[39m [90m52 ms - 14[39m
[35m[HTTP][39m [90m[39m
[35m[HTTP][39m [37m-->[39m [37mDELETE[39m [37m/wd/hub/session/21729475-6cef-4c04-adc3-d221d9443c87[39m
[35m[HTTP][39m [90m{}[39m
[35m[Appium][39m Removing session 21729475-6cef-4c04-adc3-d221d9443c87 from our master session list
[35m[ADB][39m id.indocyber.kaf.mma was successfully uninstalled
[35m[UiAutomator2][39m Restoring hidden api policy to the device default configuration
[35m[HTTP][39m [37m<-- DELETE /wd/hub/session/21729475-6cef-4c04-adc3-d221d9443c87 [39m[32m200[39m [90m1284 ms - 14[39m
[35m[HTTP][39m [90m[39m
